<?xml version="1.0" encoding="UTF-8"?>
<testsuite name="com.nkmory.todolist.TodolistApplicationTests" tests="1" skipped="0" failures="0" errors="0" timestamp="2024-11-03T10:45:23" hostname="DESKTOP-8JCA8QQ" time="0.641">
  <properties/>
  <testcase name="contextLoads()" classname="com.nkmory.todolist.TodolistApplicationTests" time="0.641"/>
  <system-out><![CDATA[13:45:21.928 [Test worker] INFO org.springframework.test.context.support.AnnotationConfigContextLoaderUtils -- Could not detect default configuration classes for test class [com.nkmory.todolist.TodolistApplicationTests]: TodolistApplicationTests does not declare any static, non-private, non-final, nested classes annotated with @Configuration.
13:45:22.011 [Test worker] INFO org.springframework.boot.test.context.SpringBootTestContextBootstrapper -- Found @SpringBootConfiguration com.nkmory.todolist.TodolistApplication for test class com.nkmory.todolist.TodolistApplicationTests

  .   ____          _            __ _ _
 /\\ / ___'_ __ _ _(_)_ __  __ _ \ \ \ \
( ( )\___ | '_ | '_| | '_ \/ _` | \ \ \ \
 \\/  ___)| |_)| | | | | || (_| |  ) ) ) )
  '  |____| .__|_| |_|_| |_\__, | / / / /
 =========|_|==============|___/=/_/_/_/

 :: Spring Boot ::                (v3.3.5)

2024-11-03T13:45:22.315+03:00  INFO 7304 --- [todolist] [    Test worker] c.n.todolist.TodolistApplicationTests    : Starting TodolistApplicationTests using Java 17.0.13 with PID 7304 (started by nikur in D:\Downloads\todolist)
2024-11-03T13:45:22.316+03:00  INFO 7304 --- [todolist] [    Test worker] c.n.todolist.TodolistApplicationTests    : No active profile set, falling back to 1 default profile: "default"
2024-11-03T13:45:23.270+03:00  WARN 7304 --- [todolist] [    Test worker] .s.s.UserDetailsServiceAutoConfiguration : 

Using generated security password: 82d87aae-bfdc-4134-95e4-6a87a93caf22

This generated password is for development use only. Your security configuration must be updated before running your application in production.

2024-11-03T13:45:23.287+03:00  INFO 7304 --- [todolist] [    Test worker] r$InitializeUserDetailsManagerConfigurer : Global AuthenticationManager configured with UserDetailsService bean with name inMemoryUserDetailsManager
2024-11-03T13:45:23.407+03:00  INFO 7304 --- [todolist] [    Test worker] c.n.todolist.TodolistApplicationTests    : Started TodolistApplicationTests in 1.266 seconds (process running for 2.191)
]]></system-out>
  <system-err><![CDATA[]]></system-err>
</testsuite>
