<?xml version="1.0" encoding="UTF-8"?>
<testsuite name="com.nkmory.todolist.TodolistApplicationTests" tests="1" skipped="0" failures="0" errors="0" timestamp="2024-11-05T18:47:06" hostname="DESKTOP-8JCA8QQ" time="0.724">
  <properties/>
  <testcase name="contextLoads()" classname="com.nkmory.todolist.TodolistApplicationTests" time="0.724"/>
  <system-out><![CDATA[21:47:05.083 [Test worker] INFO org.springframework.test.context.support.AnnotationConfigContextLoaderUtils -- Could not detect default configuration classes for test class [com.nkmory.todolist.TodolistApplicationTests]: TodolistApplicationTests does not declare any static, non-private, non-final, nested classes annotated with @Configuration.
21:47:05.186 [Test worker] INFO org.springframework.boot.test.context.SpringBootTestContextBootstrapper -- Found @SpringBootConfiguration com.nkmory.todolist.TodolistApplication for test class com.nkmory.todolist.TodolistApplicationTests

  .   ____          _            __ _ _
 /\\ / ___'_ __ _ _(_)_ __  __ _ \ \ \ \
( ( )\___ | '_ | '_| | '_ \/ _` | \ \ \ \
 \\/  ___)| |_)| | | | | || (_| |  ) ) ) )
  '  |____| .__|_| |_|_| |_\__, | / / / /
 =========|_|==============|___/=/_/_/_/

 :: Spring Boot ::                (v3.3.5)

2024-11-05T21:47:05.511+03:00  INFO 23668 --- [todolist] [    Test worker] c.n.todolist.TodolistApplicationTests    : Starting TodolistApplicationTests using Java 17.0.13 with PID 23668 (started by nikur in D:\Downloads\todolist\toDoList)
2024-11-05T21:47:05.512+03:00  INFO 23668 --- [todolist] [    Test worker] c.n.todolist.TodolistApplicationTests    : No active profile set, falling back to 1 default profile: "default"
2024-11-05T21:47:06.426+03:00  WARN 23668 --- [todolist] [    Test worker] .s.s.UserDetailsServiceAutoConfiguration : 

Using generated security password: 95e0f269-72c2-4461-be88-2ceff4159848

This generated password is for development use only. Your security configuration must be updated before running your application in production.

2024-11-05T21:47:06.445+03:00  INFO 23668 --- [todolist] [    Test worker] r$InitializeUserDetailsManagerConfigurer : Global AuthenticationManager configured with UserDetailsService bean with name inMemoryUserDetailsManager
2024-11-05T21:47:06.565+03:00  INFO 23668 --- [todolist] [    Test worker] c.n.todolist.TodolistApplicationTests    : Started TodolistApplicationTests in 1.251 seconds (process running for 2.229)
]]></system-out>
  <system-err><![CDATA[]]></system-err>
</testsuite>
