<?xml version="1.0" encoding="UTF-8"?>
<testsuite name="com.nkmory.todolist.TodolistApplicationTests" tests="1" skipped="0" failures="0" errors="0" timestamp="2024-11-06T07:44:13" hostname="LAPTOP-3CO4J3M2" time="1.511">
  <properties/>
  <testcase name="contextLoads()" classname="com.nkmory.todolist.TodolistApplicationTests" time="1.511"/>
  <system-out><![CDATA[10:44:10.149 [Test worker] INFO org.springframework.test.context.support.AnnotationConfigContextLoaderUtils -- Could not detect default configuration classes for test class [com.nkmory.todolist.TodolistApplicationTests]: TodolistApplicationTests does not declare any static, non-private, non-final, nested classes annotated with @Configuration.
10:44:10.397 [Test worker] INFO org.springframework.boot.test.context.SpringBootTestContextBootstrapper -- Found @SpringBootConfiguration com.nkmory.todolist.TodolistApplication for test class com.nkmory.todolist.TodolistApplicationTests

  .   ____          _            __ _ _
 /\\ / ___'_ __ _ _(_)_ __  __ _ \ \ \ \
( ( )\___ | '_ | '_| | '_ \/ _` | \ \ \ \
 \\/  ___)| |_)| | | | | || (_| |  ) ) ) )
  '  |____| .__|_| |_|_| |_\__, | / / / /
 =========|_|==============|___/=/_/_/_/

 :: Spring Boot ::                (v3.3.5)

2024-11-06T10:44:11.073+03:00  INFO 7608 --- [todolist] [    Test worker] c.n.todolist.TodolistApplicationTests    : Starting TodolistApplicationTests using Java 17.0.13 with PID 7608 (started by Nika Kurafeeva in C:\Users\Nika Kurafeeva\Documents\GitHub\toDoList)
2024-11-06T10:44:11.075+03:00  INFO 7608 --- [todolist] [    Test worker] c.n.todolist.TodolistApplicationTests    : No active profile set, falling back to 1 default profile: "default"
2024-11-06T10:44:13.123+03:00  WARN 7608 --- [todolist] [    Test worker] .s.s.UserDetailsServiceAutoConfiguration : 

Using generated security password: ffe136de-117a-46e8-9d60-e70dd5e0cf30

This generated password is for development use only. Your security configuration must be updated before running your application in production.

2024-11-06T10:44:13.164+03:00  INFO 7608 --- [todolist] [    Test worker] r$InitializeUserDetailsManagerConfigurer : Global AuthenticationManager configured with UserDetailsService bean with name inMemoryUserDetailsManager
2024-11-06T10:44:13.528+03:00  INFO 7608 --- [todolist] [    Test worker] c.n.todolist.TodolistApplicationTests    : Started TodolistApplicationTests in 2.881 seconds (process running for 4.655)
]]></system-out>
  <system-err><![CDATA[]]></system-err>
</testsuite>
