<?xml version="1.0" encoding="UTF-8"?>
<testsuite name="com.nkmory.todolist.TodolistApplicationTests" tests="1" skipped="0" failures="0" errors="0" timestamp="2024-11-25T08:30:36" hostname="FILLEDWITHDETER" time="0.664">
  <properties/>
  <testcase name="contextLoads()" classname="com.nkmory.todolist.TodolistApplicationTests" time="0.664"/>
  <system-out><![CDATA[11:30:30.174 [Test worker] INFO org.springframework.test.context.support.AnnotationConfigContextLoaderUtils -- Could not detect default configuration classes for test class [com.nkmory.todolist.TodolistApplicationTests]: TodolistApplicationTests does not declare any static, non-private, non-final, nested classes annotated with @Configuration.
11:30:30.331 [Test worker] INFO org.springframework.boot.test.context.SpringBootTestContextBootstrapper -- Found @SpringBootConfiguration com.nkmory.todolist.TodolistApplication for test class com.nkmory.todolist.TodolistApplicationTests

  .   ____          _            __ _ _
 /\\ / ___'_ __ _ _(_)_ __  __ _ \ \ \ \
( ( )\___ | '_ | '_| | '_ \/ _` | \ \ \ \
 \\/  ___)| |_)| | | | | || (_| |  ) ) ) )
  '  |____| .__|_| |_|_| |_\__, | / / / /
 =========|_|==============|___/=/_/_/_/

 :: Spring Boot ::                (v3.3.5)

2024-11-25T11:30:30.911+03:00  INFO 13388 --- [todolist] [    Test worker] c.n.todolist.TodolistApplicationTests    : Starting TodolistApplicationTests using Java 17.0.13 with PID 13388 (started by Nika Kurafeeva in C:\Users\Nika Kurafeeva\Documents\GitHub\toDoList)
2024-11-25T11:30:30.913+03:00  INFO 13388 --- [todolist] [    Test worker] c.n.todolist.TodolistApplicationTests    : No active profile set, falling back to 1 default profile: "default"
2024-11-25T11:30:31.772+03:00  INFO 13388 --- [todolist] [    Test worker] .s.d.r.c.RepositoryConfigurationDelegate : Bootstrapping Spring Data JPA repositories in DEFAULT mode.
2024-11-25T11:30:31.818+03:00  INFO 13388 --- [todolist] [    Test worker] .s.d.r.c.RepositoryConfigurationDelegate : Finished Spring Data repository scanning in 36 ms. Found 1 JPA repository interface.
2024-11-25T11:30:32.748+03:00  INFO 13388 --- [todolist] [    Test worker] com.zaxxer.hikari.HikariDataSource       : HikariPool-1 - Starting...
2024-11-25T11:30:32.960+03:00  INFO 13388 --- [todolist] [    Test worker] com.zaxxer.hikari.pool.HikariPool        : HikariPool-1 - Added connection com.mysql.cj.jdbc.ConnectionImpl@1e40fbb3
2024-11-25T11:30:32.962+03:00  INFO 13388 --- [todolist] [    Test worker] com.zaxxer.hikari.HikariDataSource       : HikariPool-1 - Start completed.
2024-11-25T11:30:33.779+03:00  INFO 13388 --- [todolist] [    Test worker] liquibase.changelog                      : Reading from todolist.databasechangelog
2024-11-25T11:30:33.830+03:00  INFO 13388 --- [todolist] [    Test worker] liquibase.ui                             : Database is up to date, no changesets to execute
2024-11-25T11:30:33.833+03:00  INFO 13388 --- [todolist] [    Test worker] liquibase.changelog                      : Reading from todolist.databasechangelog
2024-11-25T11:30:33.848+03:00  INFO 13388 --- [todolist] [    Test worker] liquibase.util                           : UPDATE SUMMARY
2024-11-25T11:30:33.848+03:00  INFO 13388 --- [todolist] [    Test worker] liquibase.util                           : Run:                          0
2024-11-25T11:30:33.848+03:00  INFO 13388 --- [todolist] [    Test worker] liquibase.util                           : Previously run:               2
2024-11-25T11:30:33.848+03:00  INFO 13388 --- [todolist] [    Test worker] liquibase.util                           : Filtered out:                 0
2024-11-25T11:30:33.848+03:00  INFO 13388 --- [todolist] [    Test worker] liquibase.util                           : -------------------------------
2024-11-25T11:30:33.848+03:00  INFO 13388 --- [todolist] [    Test worker] liquibase.util                           : Total change sets:            2
2024-11-25T11:30:33.850+03:00  INFO 13388 --- [todolist] [    Test worker] liquibase.util                           : Update summary generated
2024-11-25T11:30:33.879+03:00  INFO 13388 --- [todolist] [    Test worker] liquibase.lockservice                    : Successfully released change log lock
2024-11-25T11:30:33.881+03:00  INFO 13388 --- [todolist] [    Test worker] liquibase.command                        : Command execution complete
2024-11-25T11:30:33.989+03:00  INFO 13388 --- [todolist] [    Test worker] o.hibernate.jpa.internal.util.LogHelper  : HHH000204: Processing PersistenceUnitInfo [name: default]
2024-11-25T11:30:34.077+03:00  INFO 13388 --- [todolist] [    Test worker] org.hibernate.Version                    : HHH000412: Hibernate ORM core version 6.5.3.Final
2024-11-25T11:30:34.155+03:00  INFO 13388 --- [todolist] [    Test worker] o.h.c.internal.RegionFactoryInitiator    : HHH000026: Second-level cache disabled
2024-11-25T11:30:34.778+03:00  INFO 13388 --- [todolist] [    Test worker] o.s.o.j.p.SpringPersistenceUnitInfo      : No LoadTimeWeaver setup: ignoring JPA class transformer
2024-11-25T11:30:34.872+03:00  WARN 13388 --- [todolist] [    Test worker] org.hibernate.orm.deprecation            : HHH90000025: MySQLDialect does not need to be specified explicitly using 'hibernate.dialect' (remove the property setting and it will be selected by default)
2024-11-25T11:30:35.672+03:00  INFO 13388 --- [todolist] [    Test worker] o.h.e.t.j.p.i.JtaPlatformInitiator       : HHH000489: No JTA platform available (set 'hibernate.transaction.jta.platform' to enable JTA platform integration)
2024-11-25T11:30:35.715+03:00  INFO 13388 --- [todolist] [    Test worker] j.LocalContainerEntityManagerFactoryBean : Initialized JPA EntityManagerFactory for persistence unit 'default'
Mapped column: [private final com.nkmory.todolist.services.ToDoService com.nkmory.todolist.controllers.ToDoController.todoService]
2024-11-25T11:30:36.227+03:00  WARN 13388 --- [todolist] [    Test worker] JpaBaseConfiguration$JpaWebConfiguration : spring.jpa.open-in-view is enabled by default. Therefore, database queries may be performed during view rendering. Explicitly configure spring.jpa.open-in-view to disable this warning
2024-11-25T11:30:36.255+03:00  INFO 13388 --- [todolist] [    Test worker] o.s.b.a.w.s.WelcomePageHandlerMapping    : Adding welcome page: class path resource [static/index.html]
2024-11-25T11:30:36.780+03:00  INFO 13388 --- [todolist] [    Test worker] c.n.todolist.TodolistApplicationTests    : Started TodolistApplicationTests in 6.24 seconds (process running for 8.102)
]]></system-out>
  <system-err><![CDATA[]]></system-err>
</testsuite>
